INFO:root:Processing: (10, 10, 0.5, 10)
INFO:root:Processing: (10, 10, 0.5, 10)
INFO:root:Processing: (10, 10, 0.5, 10)
INFO:root:Processing: (10, 10, 0.5, 10)
INFO:root:Processing: (10, 10, 0.5, 10)
INFO:root:Processing: (128, 100, 0.7, 30)
INFO:root:Testing: (30, 100.0, 0.7, 10)
INFO:root:Testing: (30, 100.0, 0.7, 10)
INFO:root:Testing: (10.0, 10.0, 0.5, 10.0)
INFO:root:Processing: (10, 10, 0.5, 10)
INFO:root:Processing: (10, 10, 0.7, 10)
INFO:root:Processing: (10, 10, 0.5, 10)
INFO:root:Processing: (10, 10, 0.7, 10)
INFO:root:Processing: (9, 9, 0.7, 10)
INFO:root:Processing: (10, 10, 0.5, 10)
INFO:root:Processing: (10, 10, 0.7, 10)
INFO:root:Processing: (9, 9, 0.7, 10)
INFO:root:Testing: (10.0, 10.0, 0.5, 10.0)
INFO:root:Testing: (9.0, 9.0, 0.7, 10.0)
INFO:root:Testing: (10.0, 10.0, 0.7, 10.0)
INFO:root:Collecting: (10, 10, 0.5, 10)
INFO:root:Processing: (10, 10, 0.5, 10)
INFO:root:Processing: (10, 10, 0.7, 10)
INFO:root:Processing: (9, 9, 0.7, 10)
INFO:root:Testing: (10.0, 10.0, 0.5, 10.0)
INFO:root:Testing: (9.0, 9.0, 0.7, 10.0)
INFO:root:Testing: (10.0, 10.0, 0.7, 10.0)
INFO:root:Collecting: (10, 10, 0.5, 10)
INFO:root:Processing: (10, 10, 0.5, 10)
INFO:root:Processing: (10, 10, 0.7, 10)
INFO:root:Processing: (9, 9, 0.7, 10)
INFO:root:Testing: (10.0, 10.0, 0.5, 10.0)
INFO:root:Testing: (9.0, 9.0, 0.7, 10.0)
INFO:root:Testing: (10.0, 10.0, 0.7, 10.0)
INFO:root:Collecting: (10, 10, 0.5, 10)
INFO:root:Processing: (10, 10, 0.5, 10)
INFO:root:Processing: (10, 10, 0.7, 10)
INFO:root:Processing: (9, 9, 0.7, 10)
INFO:root:Testing: (10.0, 10.0, 0.5, 10.0)
INFO:root:Testing: (9.0, 9.0, 0.7, 10.0)
INFO:root:Testing: (10.0, 10.0, 0.7, 10.0)
INFO:root:Collecting: (10, 10, 0.5, 10)
INFO:root:Processing: (10, 10, 0.5, 10)
INFO:root:Processing: (10, 10, 0.7, 10)
INFO:root:Processing: (9, 9, 0.7, 10)
INFO:root:Testing: (10.0, 10.0, 0.5, 10.0)
INFO:root:Testing: (9.0, 9.0, 0.7, 10.0)
INFO:root:Testing: (10.0, 10.0, 0.7, 10.0)
INFO:root:Collecting: (10, 10, 0.5, 10)
INFO:root:Collecting: (10, 10, 0.7, 10)
INFO:root:Collecting: (9, 9, 0.7, 10)
INFO:root:Processing: (81.75050175143406, 1.7411015883553773, 0.5753922503860668, 3.0304080466739833)
INFO:root:Processing: (35.7862049927935, 9.111934664659202, 0.21250002049375327, 3.7963697607629)
INFO:root:Processing: (26.74841610225849, 17.954584098653868, 0.37811438938137143, 6.643696417566389)
INFO:root:Processing: (72.5576113879215, 19.91351568000391, 0.560136757614091, 7.6207449866924435)
INFO:root:Processing: (37.1869486104697, 27.34977674530819, 0.5088868288276717, 8.15608798712492)
INFO:root:Processing: (65.42447538813576, 10.048646496608853, 0.9287536751991138, 8.5394377107732)
INFO:root:Processing: (95.45364211173728, 12.427819211035967, 0.7828145307442174, 6.919282283633947)
INFO:root:Processing: (30.60829464974813, 2.636382732540369, 0.24241866556927563, 3.498648000881076)
INFO:root:Processing: (97.55249287583865, 17.604825561400503, 0.4047182976035401, 6.1304920895490795)
INFO:root:Processing: (58.67332387389615, 25.034752951469272, 0.8359132567280904, 7.384703317889944)
INFO:root:Processing: (39.798504893435165, 3.586083469679579, 0.585190784833394, 4.2368412828072906)
INFO:root:Processing: (9.848625211277977, 28.97728310106322, 0.6635788486665115, 1.252511618193239)
INFO:root:Processing: (99.0556341141928, 10.878612296888605, 0.2618012253195047, 6.7514407054986805)
INFO:root:Processing: (38.096747282426804, 10.967647005803883, 0.3619567722454667, 6.471872630761936)
